<?xml version="1.0" encoding="UTF-8"?>
<robot generator="Robot 3.1.1 (Python 3.6.5 on win32)" generated="20190513 14:48:56.330" rpa="false">
<suite id="s1" name="Config" source="C:\Users\Swathi S\PycharmProjects\Robot_2\config.robot">
<test id="s1-t1" name="Invalid_logintest">
<kw name="Open Browser to the Login_Page" library="Invalid_login">
<kw name="Open Browser" library="SeleniumLibrary">
<doc>Opens a new browser instance to the given ``url``.</doc>
<arguments>
<arg>${SiteUrl}</arg>
<arg>${Browser}</arg>
</arguments>
<msg timestamp="20190513 14:48:56.740" level="INFO">Opening browser 'Chrome' to base url 'https://accounts.google.com/signin'.</msg>
<status status="PASS" starttime="20190513 14:48:56.739" endtime="20190513 14:49:13.324"></status>
</kw>
<kw name="Maximize Browser Window" library="SeleniumLibrary">
<doc>Maximizes current browser window.</doc>
<status status="PASS" starttime="20190513 14:49:13.324" endtime="20190513 14:49:14.459"></status>
</kw>
<status status="PASS" starttime="20190513 14:48:56.739" endtime="20190513 14:49:14.460"></status>
</kw>
<kw name="Enter User Name" library="Invalid_login">
<kw name="Input Text" library="SeleniumLibrary">
<doc>Types the given ``text`` into text field identified by ``locator``.</doc>
<arguments>
<arg>id=identifierId</arg>
<arg>${Username1}</arg>
</arguments>
<msg timestamp="20190513 14:49:14.461" level="INFO">Typing text 'robotframework.tyss@gmail.com' into text field 'id=identifierId'.</msg>
<status status="PASS" starttime="20190513 14:49:14.461" endtime="20190513 14:49:14.777"></status>
</kw>
<status status="PASS" starttime="20190513 14:49:14.460" endtime="20190513 14:49:14.778"></status>
</kw>
<kw name="Click Next" library="Invalid_login">
<kw name="Click Element" library="SeleniumLibrary">
<doc>Click element identified by ``locator``.</doc>
<arguments>
<arg>xpath=//div[@role = 'button' and @id='identifierNext']</arg>
</arguments>
<msg timestamp="20190513 14:49:14.778" level="INFO">Clicking element 'xpath=//div[@role = 'button' and @id='identifierNext']'.</msg>
<status status="PASS" starttime="20190513 14:49:14.778" endtime="20190513 14:49:15.055"></status>
</kw>
<status status="PASS" starttime="20190513 14:49:14.778" endtime="20190513 14:49:15.055"></status>
</kw>
<kw name="Sleep" library="BuiltIn">
<doc>Pauses the test executed for the given time.</doc>
<arguments>
<arg>${Delay}</arg>
</arguments>
<msg timestamp="20190513 14:49:20.057" level="INFO">Slept 5 seconds</msg>
<status status="PASS" starttime="20190513 14:49:15.056" endtime="20190513 14:49:20.057"></status>
</kw>
<kw name="Enter Password" library="Invalid_login">
<kw name="Input Password" library="SeleniumLibrary">
<doc>Types the given password into text field identified by ``locator``.</doc>
<arguments>
<arg>xpath=//div[@id='password']//input[@type='password']</arg>
<arg>${Password1}</arg>
</arguments>
<msg timestamp="20190513 14:49:20.061" level="INFO">Typing password into text field 'xpath=//div[@id='password']//input[@type='password']'.</msg>
<status status="PASS" starttime="20190513 14:49:20.060" endtime="20190513 14:49:20.200"></status>
</kw>
<status status="PASS" starttime="20190513 14:49:20.059" endtime="20190513 14:49:20.200"></status>
</kw>
<kw name="Click Login" library="Invalid_login">
<kw name="Click Element" library="SeleniumLibrary">
<doc>Click element identified by ``locator``.</doc>
<arguments>
<arg>id=passwordNext</arg>
</arguments>
<msg timestamp="20190513 14:49:20.201" level="INFO">Clicking element 'id=passwordNext'.</msg>
<status status="PASS" starttime="20190513 14:49:20.201" endtime="20190513 14:49:20.325"></status>
</kw>
<status status="PASS" starttime="20190513 14:49:20.201" endtime="20190513 14:49:20.326"></status>
</kw>
<kw name="Sleep" library="BuiltIn">
<doc>Pauses the test executed for the given time.</doc>
<arguments>
<arg>${Delay}</arg>
</arguments>
<msg timestamp="20190513 14:49:25.327" level="INFO">Slept 5 seconds</msg>
<status status="PASS" starttime="20190513 14:49:20.326" endtime="20190513 14:49:25.327"></status>
</kw>
<kw name="Close Browser" library="Invalid_login" type="teardown">
<kw name="Close All Browsers" library="SeleniumLibrary">
<doc>Closes all open browsers and resets the browser cache.</doc>
<status status="PASS" starttime="20190513 14:49:25.327" endtime="20190513 14:49:27.902"></status>
</kw>
<status status="PASS" starttime="20190513 14:49:25.327" endtime="20190513 14:49:27.902"></status>
</kw>
<status status="PASS" starttime="20190513 14:48:56.738" endtime="20190513 14:49:27.903" critical="yes"></status>
</test>
<test id="s1-t2" name="LoginTest">
<kw name="Open Browser to the Login Page" library="Login_page">
<kw name="Open Browser" library="SeleniumLibrary">
<doc>Opens a new browser instance to the given ``url``.</doc>
<arguments>
<arg>${SiteUrl}</arg>
<arg>${Browser}</arg>
</arguments>
<msg timestamp="20190513 14:49:27.915" level="INFO">Opening browser 'Chrome' to base url 'https://accounts.google.com/signin'.</msg>
<status status="PASS" starttime="20190513 14:49:27.914" endtime="20190513 14:49:44.295"></status>
</kw>
<kw name="Maximize Browser Window" library="SeleniumLibrary">
<doc>Maximizes current browser window.</doc>
<status status="PASS" starttime="20190513 14:49:44.295" endtime="20190513 14:49:45.431"></status>
</kw>
<status status="PASS" starttime="20190513 14:49:27.912" endtime="20190513 14:49:45.432"></status>
</kw>
<kw name="Enter User Name" library="Login_page">
<kw name="Input Text" library="SeleniumLibrary">
<doc>Types the given ``text`` into text field identified by ``locator``.</doc>
<arguments>
<arg>id=identifierId</arg>
<arg>${Username}</arg>
</arguments>
<msg timestamp="20190513 14:49:45.433" level="INFO">Typing text 'robotframework.tyss@gmail.com' into text field 'id=identifierId'.</msg>
<status status="PASS" starttime="20190513 14:49:45.432" endtime="20190513 14:49:45.766"></status>
</kw>
<status status="PASS" starttime="20190513 14:49:45.432" endtime="20190513 14:49:45.766"></status>
</kw>
<kw name="Click Next" library="Login_page">
<kw name="Click Element" library="SeleniumLibrary">
<doc>Click element identified by ``locator``.</doc>
<arguments>
<arg>xpath=//div[@role = 'button' and @id='identifierNext']</arg>
</arguments>
<msg timestamp="20190513 14:49:45.768" level="INFO">Clicking element 'xpath=//div[@role = 'button' and @id='identifierNext']'.</msg>
<status status="PASS" starttime="20190513 14:49:45.767" endtime="20190513 14:49:46.081"></status>
</kw>
<status status="PASS" starttime="20190513 14:49:45.767" endtime="20190513 14:49:46.081"></status>
</kw>
<kw name="Sleep" library="BuiltIn">
<doc>Pauses the test executed for the given time.</doc>
<arguments>
<arg>${Delay}</arg>
</arguments>
<msg timestamp="20190513 14:49:51.082" level="INFO">Slept 5 seconds</msg>
<status status="PASS" starttime="20190513 14:49:46.082" endtime="20190513 14:49:51.082"></status>
</kw>
<kw name="Enter Password" library="Login_page">
<kw name="Input Password" library="SeleniumLibrary">
<doc>Types the given password into text field identified by ``locator``.</doc>
<arguments>
<arg>xpath=//div[@id='password']//input[@type='password']</arg>
<arg>${Password}</arg>
</arguments>
<msg timestamp="20190513 14:49:51.086" level="INFO">Typing password into text field 'xpath=//div[@id='password']//input[@type='password']'.</msg>
<status status="PASS" starttime="20190513 14:49:51.085" endtime="20190513 14:49:51.288"></status>
</kw>
<status status="PASS" starttime="20190513 14:49:51.084" endtime="20190513 14:49:51.288"></status>
</kw>
<kw name="Click Login" library="Login_page">
<kw name="Click Element" library="SeleniumLibrary">
<doc>Click element identified by ``locator``.</doc>
<arguments>
<arg>id=passwordNext</arg>
</arguments>
<msg timestamp="20190513 14:49:51.289" level="INFO">Clicking element 'id=passwordNext'.</msg>
<status status="PASS" starttime="20190513 14:49:51.289" endtime="20190513 14:49:51.390"></status>
</kw>
<status status="PASS" starttime="20190513 14:49:51.289" endtime="20190513 14:49:51.390"></status>
</kw>
<kw name="Sleep" library="BuiltIn">
<doc>Pauses the test executed for the given time.</doc>
<arguments>
<arg>${Delay}</arg>
</arguments>
<msg timestamp="20190513 14:49:56.393" level="INFO">Slept 5 seconds</msg>
<status status="PASS" starttime="20190513 14:49:51.391" endtime="20190513 14:49:56.393"></status>
</kw>
<kw name="Close Browser" library="Login_page" type="teardown">
<kw name="Close All Browsers" library="SeleniumLibrary">
<doc>Closes all open browsers and resets the browser cache.</doc>
<status status="PASS" starttime="20190513 14:49:56.394" endtime="20190513 14:49:58.933"></status>
</kw>
<status status="PASS" starttime="20190513 14:49:56.394" endtime="20190513 14:49:58.933"></status>
</kw>
<status status="PASS" starttime="20190513 14:49:27.909" endtime="20190513 14:49:58.934" critical="yes"></status>
</test>
<doc>A resource file with reusable keywords and variables.

The system specific keywords created here form our own
domain specific language. They utilize keywords provided
by the imported SeleniumLibrary.</doc>
<status status="PASS" starttime="20190513 14:48:56.335" endtime="20190513 14:49:58.939"></status>
</suite>
<statistics>
<total>
<stat pass="2" fail="0">Critical Tests</stat>
<stat pass="2" fail="0">All Tests</stat>
</total>
<tag>
</tag>
<suite>
<stat pass="2" fail="0" id="s1" name="Config">Config</stat>
</suite>
</statistics>
<errors>
</errors>
</robot>
